<?xml version="1.0" encoding="UTF-8"?>
<!-- Generated by org.testng.reporters.JUnitReportReporter -->
<testsuite hostname="Diram" failures="0" tests="2" name="rahulshettyacademy.SeleniumDesignFramework.Test.ErrorValidationTest" time="36.305" errors="0" timestamp="2024-02-25T01:40:56 EST" skipped="0">
  <testcase classname="rahulshettyacademy.SeleniumDesignFramework.Test.ErrorValidationTest" name="LoginErrorOrder" time="14.934"/>
  <testcase classname="rahulshettyacademy.SeleniumDesignFramework.Test.ErrorValidationTest" name="ProductErrorValidation" time="21.371"/>
</testsuite> <!-- rahulshettyacademy.SeleniumDesignFramework.Test.ErrorValidationTest -->
