<?xml version="1.0" encoding="UTF-8"?>
<!-- Generated by org.testng.reporters.JUnitReportReporter -->
<testsuite hostname="Diram" failures="0" tests="2" name="cucumber.TestNGTestRunner" time="23.641" errors="0" timestamp="2024-03-18T21:57:36 EDT" skipped="0">
  <testcase classname="cucumber.TestNGTestRunner" name="runScenario" time="15.597"/>
  <testcase classname="cucumber.TestNGTestRunner" name="runScenario" time="8.044"/>
</testsuite> <!-- cucumber.TestNGTestRunner -->
