<?xml version="1.0" encoding="UTF-8"?>
<!-- Generated by org.testng.reporters.JUnitReportReporter -->
<testsuite hostname="Diram" failures="0" tests="3" name="rahulshettyacademy.SeleniumDesignFramework.Test.SubmitOrderTest" time="26.861" errors="0" timestamp="2024-03-10T19:55:37 EDT" skipped="0">
  <testcase classname="rahulshettyacademy.SeleniumDesignFramework.Test.SubmitOrderTest" name="OrderHistoryTest" time="7.255"/>
  <testcase classname="rahulshettyacademy.SeleniumDesignFramework.Test.SubmitOrderTest" name="SubmitOrder" time="9.038"/>
  <testcase classname="rahulshettyacademy.SeleniumDesignFramework.Test.SubmitOrderTest" name="SubmitOrder" time="10.568"/>
</testsuite> <!-- rahulshettyacademy.SeleniumDesignFramework.Test.SubmitOrderTest -->
