<?xml version="1.0" encoding="UTF-8"?>
<!-- Generated by org.testng.reporters.JUnitReportReporter -->
<testsuite hostname="Diram" failures="0" tests="2" name="rahulshettyacademy.SeleniumDesignFramework.Test.ErrorValidationTest" time="29.169" errors="0" timestamp="2024-03-03T17:20:03 EST" skipped="0">
  <testcase classname="rahulshettyacademy.SeleniumDesignFramework.Test.ErrorValidationTest" name="LoginErrorOrder" time="6.435"/>
  <testcase classname="rahulshettyacademy.SeleniumDesignFramework.Test.ErrorValidationTest" name="ProductErrorValidation" time="22.734"/>
</testsuite> <!-- rahulshettyacademy.SeleniumDesignFramework.Test.ErrorValidationTest -->
