<?xml version="1.0" encoding="UTF-8"?>
<!-- Generated by org.testng.reporters.JUnitReportReporter -->
<testsuite hostname="Diram" failures="0" tests="3" name="rahulshettyacademy.SeleniumDesignFramework.Test.SubmitOrderTest" time="28.842" errors="0" timestamp="2024-03-03T17:20:03 EST" skipped="0">
  <testcase classname="rahulshettyacademy.SeleniumDesignFramework.Test.SubmitOrderTest" name="SubmitOrder" time="13.763"/>
  <testcase classname="rahulshettyacademy.SeleniumDesignFramework.Test.SubmitOrderTest" name="SubmitOrder" time="8.691"/>
  <testcase classname="rahulshettyacademy.SeleniumDesignFramework.Test.SubmitOrderTest" name="OrderHistoryTest" time="6.388"/>
</testsuite> <!-- rahulshettyacademy.SeleniumDesignFramework.Test.SubmitOrderTest -->
